<?xml version="1.0" encoding="UTF-8"?>
<testsuite name="com.revature.service.UserServiceTest" tests="2" skipped="0" failures="0" errors="0" timestamp="2022-04-04T15:56:06" hostname="DEVAS" time="0.91">
  <properties/>
  <testcase name="testConnectionToDatabase()" classname="com.revature.service.UserServiceTest" time="0.907"/>
  <testcase name="unitTestTheUserLogin()" classname="com.revature.service.UserServiceTest" time="0.002"/>
  <system-out><![CDATA[]]></system-out>
  <system-err><![CDATA[]]></system-err>
</testsuite>
