<?xml version="1.0" encoding="UTF-8"?>
<testsuite name="com.revature.service.JWTServiceTest" tests="2" skipped="0" failures="0" errors="0" timestamp="2022-04-04T15:56:04" hostname="DEVAS" time="1.21">
  <properties/>
  <testcase name="encryptStringTest()" classname="com.revature.service.JWTServiceTest" time="0.064"/>
  <testcase name="createJWTTest()" classname="com.revature.service.JWTServiceTest" time="1.142"/>
  <system-out><![CDATA[]]></system-out>
  <system-err><![CDATA[]]></system-err>
</testsuite>
